Building DAG of jobs...
Using shell: /bin/bash
Provided cores: 1 (use --cores to define parallelism)
Rules claiming more threads will be scaled down.
Job stats:
job             count    min threads    max threads
------------  -------  -------------  -------------
all                 1              1              1
test                1              1              1
write_config        1              1              1
total               3              1              1

Select jobs to execute...

[Fri Feb  3 16:25:40 2023]
rule write_config:
    input: /lustre/BIF/nobackup/passa006/data/GCA_902829305.4_PGI_SPEXI_v6_genomic.fna, /lustre/BIF/nobackup/passa006/data/U-RVDBv25.0-prot.fasta
    output: config.yaml
    jobid: 1
    reason: Missing output files: config.yaml
    resources: tmpdir=/tmp

[Fri Feb  3 16:25:40 2023]
Finished job 1.
1 of 3 steps (33%) done
Select jobs to execute...

[Fri Feb  3 16:25:40 2023]
rule test:
    output: test
    jobid: 2
    reason: Missing output files: test; Code has changed since last execution
    resources: tmpdir=/tmp

[Fri Feb  3 16:25:42 2023]
Error in rule test:
    jobid: 2
    output: test
    shell:
        
		snakemake -s testsnake2 --cores 1
		
        (one of the commands exited with non-zero exit code; note that snakemake uses bash strict mode!)

Shutting down, this might take some time.
Exiting because a job execution failed. Look above for error message
Complete log: .snakemake/log/2023-02-03T162537.230085.snakemake.log
