Building DAG of jobs...
Using shell: /bin/bash
Provided cores: 40
Rules claiming more threads will be scaled down.
Job stats:
job       count    min threads    max threads
------  -------  -------------  -------------
all           1              1              1
blastx        1              1              1
total         2              1              1

Select jobs to execute...

[Thu Feb  2 15:07:07 2023]
rule blastx:
    input: /lustre/BIF/nobackup/passa006/data/GCA_902829305.4_PGI_SPEXI_v6_genomic.fna, /lustre/BIF/nobackup/passa006/data/viral_db/viral_db.00.phr
    output: /lustre/BIF/nobackup/passa006/data/results/blastx_out
    jobid: 1
    reason: Missing output files: /lustre/BIF/nobackup/passa006/data/results/blastx_out
    resources: tmpdir=/tmp

[Thu Feb  2 15:07:07 2023]
Error in rule blastx:
    jobid: 1
    input: /lustre/BIF/nobackup/passa006/data/GCA_902829305.4_PGI_SPEXI_v6_genomic.fna, /lustre/BIF/nobackup/passa006/data/viral_db/viral_db.00.phr
    output: /lustre/BIF/nobackup/passa006/data/results/blastx_out
    shell:
        
		cd /lustre/BIF/nobackup/passa006/data/viral_db/viral_db.00.phr
		blastx -query /lustre/BIF/nobackup/passa006/data/GCA_902829305.4_PGI_SPEXI_v6_genomic.fna -db /lustre/BIF/nobackup/passa006/data/viral_db/viral_db.00.phr -evalue 1e-6 		-num_threads 40 -outfmt '6 qseqid qstart qend salltitles evalue qframe pident qcovs sstart send slen' -out /lustre/BIF/nobackup/passa006/data/results/blastx_out
		
        (one of the commands exited with non-zero exit code; note that snakemake uses bash strict mode!)

Shutting down, this might take some time.
Exiting because a job execution failed. Look above for error message
Complete log: .snakemake/log/2023-02-02T150706.332647.snakemake.log
