Building DAG of jobs...
Using shell: /bin/bash
Provided cores: 40
Rules claiming more threads will be scaled down.
Job stats:
job             count    min threads    max threads
------------  -------  -------------  -------------
makedatabase        1              1              1
total               1              1              1

Select jobs to execute...

[Thu Feb  2 12:23:47 2023]
rule makedatabase:
    input: ../data/U-RVDBv25.0-prot.fasta
    output: ../data/viral_db
    jobid: 0
    reason: Updated input files: ../data/U-RVDBv25.0-prot.fasta
    resources: tmpdir=/tmp

Skipped removing non-empty directory ../data/viral_db
[Thu Feb  2 12:23:47 2023]
Error in rule makedatabase:
    jobid: 0
    input: ../data/U-RVDBv25.0-prot.fasta
    output: ../data/viral_db
    shell:
        
		mkdir ../data/viral_db
		mv ../data/U-RVDBv25.0-prot.fasta ../data/viral_db
		makeblastdb -in ../data/U-RVDBv25.0-prot.fasta -dbtype prot	
		
        (one of the commands exited with non-zero exit code; note that snakemake uses bash strict mode!)

Removing output files of failed job makedatabase since they might be corrupted:
../data/viral_db
Skipped removing non-empty directory ../data/viral_db
Shutting down, this might take some time.
Exiting because a job execution failed. Look above for error message
Complete log: .snakemake/log/2023-02-02T122346.654143.snakemake.log
