Building DAG of jobs...
Using shell: /bin/bash
Provided cores: 32
Rules claiming more threads will be scaled down.
Job stats:
job                          count    min threads    max threads
-------------------------  -------  -------------  -------------
all                              1              1              1
run_configurated_pipeline        1              1              1
split_reference_genome           1              1              1
total                            3              1              1

Select jobs to execute...

[Sat Feb  4 16:03:23 2023]
rule split_reference_genome:
    input: /lustre/BIF/nobackup/passa006/data/GCA_902829305.4_PGI_SPEXI_v6_genomic.fna
    output: ../data/split_ref/chr1.fasta
    jobid: 1
    reason: Missing output files: ../data/split_ref/chr1.fasta
    priority: 10
    resources: tmpdir=/tmp


[Sat Feb  4 16:03:23 2023]
rule run_configurated_pipeline:
    output: /lustre/BIF/nobackup/passa006/data/results
    jobid: 3
    reason: Missing output files: /lustre/BIF/nobackup/passa006/data/results
    resources: tmpdir=/tmp

[Sat Feb  4 16:03:25 2023]
Error in rule run_configurated_pipeline:
    jobid: 3
    output: /lustre/BIF/nobackup/passa006/data/results
    shell:
        
		snakemake -s Snakefile --cores 32
		
        (one of the commands exited with non-zero exit code; note that snakemake uses bash strict mode!)

[Sat Feb  4 16:03:26 2023]
Finished job 1.
1 of 3 steps (33%) done
Shutting down, this might take some time.
Exiting because a job execution failed. Look above for error message
Complete log: .snakemake/log/2023-02-04T160321.805136.snakemake.log
