Building DAG of jobs...
Using shell: /bin/bash
Provided cores: 32
Rules claiming more threads will be scaled down.
Job stats:
job                          count    min threads    max threads
-------------------------  -------  -------------  -------------
all                              1              1              1
run_configurated_pipeline        1              1              1
total                            2              1              1

Select jobs to execute...

[Sat Feb  4 15:30:21 2023]
rule run_configurated_pipeline:
    output: /lustre/BIF/nobackup/passa006/data/results
    jobid: 3
    reason: Missing output files: /lustre/BIF/nobackup/passa006/data/results
    resources: tmpdir=/tmp

Terminating processes on user request, this might take some time.
[Sat Feb  4 15:30:48 2023]
Error in rule run_configurated_pipeline:
    jobid: 3
    output: /lustre/BIF/nobackup/passa006/data/results
    shell:
        
		snakemake -s Snakefile --cores 32
		
        (one of the commands exited with non-zero exit code; note that snakemake uses bash strict mode!)

Complete log: .snakemake/log/2023-02-04T153019.051013.snakemake.log
