Building DAG of jobs...
Using shell: /bin/bash
Provided cores: 40
Rules claiming more threads will be scaled down.
Job stats:
job       count    min threads    max threads
------  -------  -------------  -------------
all           1              1              1
blastx        1              1              1
total         2              1              1

Select jobs to execute...

[Thu Feb  2 15:01:16 2023]
rule blastx:
    input: /lustre/BIF/nobackup/passa006/data/GCA_902829305.4_PGI_SPEXI_v6_genomic.fna, ../data/viral_db
    output: ../data/results/blastx_out
    jobid: 2
    reason: Missing output files: ../data/results/blastx_out
    resources: tmpdir=/tmp

[Thu Feb  2 15:01:16 2023]
Error in rule blastx:
    jobid: 2
    input: /lustre/BIF/nobackup/passa006/data/GCA_902829305.4_PGI_SPEXI_v6_genomic.fna, ../data/viral_db
    output: ../data/results/blastx_out
    shell:
        
		cd ../data/viral_db
		blastx -query /lustre/BIF/nobackup/passa006/data/GCA_902829305.4_PGI_SPEXI_v6_genomic.fna -db ../data/viral_db -evalue 1e-6 		-num_threads 40 -outfmt '6 qseqid qstart qend salltitles evalue qframe pident qcovs sstart send slen' -out ../data/results/blastx_out
		
        (one of the commands exited with non-zero exit code; note that snakemake uses bash strict mode!)

Shutting down, this might take some time.
Exiting because a job execution failed. Look above for error message
Complete log: .snakemake/log/2023-02-02T150115.870163.snakemake.log
