Building DAG of jobs...
Using shell: /bin/bash
Provided cores: 40
Rules claiming more threads will be scaled down.
Job stats:
job             count    min threads    max threads
------------  -------  -------------  -------------
makedatabase        1              1              1
total               1              1              1

Select jobs to execute...

[Thu Feb  2 13:13:51 2023]
rule makedatabase:
    input: ../data/U-RVDBv25.0-prot.fasta
    output: ../data/viral_db
    jobid: 0
    reason: Missing output files: ../data/viral_db
    resources: tmpdir=/tmp

Terminating processes on user request, this might take some time.
[Thu Feb  2 13:14:18 2023]
Error in rule makedatabase:
    jobid: 0
    input: ../data/U-RVDBv25.0-prot.fasta
    output: ../data/viral_db
    shell:
        
		mkdir ../data/viral_db
		makeblastdb -in ../data/U-RVDBv25.0-prot.fasta -dbtype prot
		cp ../data/U-RVDBv25.0-prot.fasta.* ../data/viral_db
		
        (one of the commands exited with non-zero exit code; note that snakemake uses bash strict mode!)

Complete log: .snakemake/log/2023-02-02T131350.522712.snakemake.log
