Building DAG of jobs...
Using shell: /bin/bash
Provided cores: 1 (use --cores to define parallelism)
Rules claiming more threads will be scaled down.
Job stats:
job      count    min threads    max threads
-----  -------  -------------  -------------
test         1              1              1
total        1              1              1

Select jobs to execute...

[Fri Feb  3 15:21:02 2023]
rule test:
    output: test
    jobid: 0
    reason: Missing output files: test
    resources: tmpdir=/tmp

[Fri Feb  3 15:21:02 2023]
Finished job 0.
1 of 1 steps (100%) done
Complete log: .snakemake/log/2023-02-03T152101.498083.snakemake.log
