Building DAG of jobs...
Using shell: /bin/bash
Provided cores: 1 (use --cores to define parallelism)
Rules claiming more threads will be scaled down.
Job stats:
job      count    min threads    max threads
-----  -------  -------------  -------------
test         1              1              1
total        1              1              1

Select jobs to execute...

[Fri Feb  3 15:20:34 2023]
rule test:
    output: test
    jobid: 0
    reason: Missing output files: test
    resources: tmpdir=/tmp

ImproperOutputException in rule test in file /lustre/BIF/nobackup/passa006/snakemake/testsnake, line 3:
Outputs of incorrect type (directories when expecting files or vice versa). Output directories must be flagged with directory(). for rule test:
    output: test
    affected files:
        test
Removing output files of failed job test since they might be corrupted:
test
Shutting down, this might take some time.
Exiting because a job execution failed. Look above for error message
Complete log: .snakemake/log/2023-02-03T152033.637654.snakemake.log
