Building DAG of jobs...
Using shell: /bin/bash
Provided cores: 1 (use --cores to define parallelism)
Rules claiming more threads will be scaled down.
Job stats:
job      count    min threads    max threads
-----  -------  -------------  -------------
all          1              1              1
test         1              1              1
total        2              1              1

Select jobs to execute...

[Fri Feb  3 16:28:38 2023]
rule test:
    output: test
    jobid: 2
    reason: Missing output files: test
    resources: tmpdir=/tmp

[Fri Feb  3 16:28:40 2023]
Error in rule test:
    jobid: 2
    output: test
    shell:
        
		snakemake -s testsnake2 --cores 1
		
        (one of the commands exited with non-zero exit code; note that snakemake uses bash strict mode!)

Shutting down, this might take some time.
Exiting because a job execution failed. Look above for error message
Complete log: .snakemake/log/2023-02-03T162837.138983.snakemake.log
