Building DAG of jobs...
Using shell: /bin/bash
Provided cores: 1 (use --cores to define parallelism)
Rules claiming more threads will be scaled down.
Job stats:
job             count    min threads    max threads
------------  -------  -------------  -------------
testing_rule        1              1              1
total               1              1              1

Select jobs to execute...

[Fri Feb  3 15:55:04 2023]
rule testing_rule:
    input: /lustre/BIF/nobackup/passa006/data/GCA_902829305.4_PGI_SPEXI_v6_genomic.fna, /lustre/BIF/nobackup/passa006/data/U-RVDBv25.0-prot.fasta
    output: config.yaml
    jobid: 0
    reason: Missing output files: config.yaml
    resources: tmpdir=/tmp

[Fri Feb  3 15:55:04 2023]
Finished job 0.
1 of 1 steps (100%) done
Complete log: .snakemake/log/2023-02-03T155502.867495.snakemake.log
